Copyright 1986-2022 Xilinx, Inc. All Rights Reserved. Copyright 2022-2025 Advanced Micro Devices, Inc. All Rights Reserved.
--------------------------------------------------------------------------------------------------------------------------------------------------------------------------------------
| Tool Version : Vivado v.2025.2 (lin64) Build 6299465 Fri Nov 14 12:34:56 MST 2025
| Date         : Tue Jan 20 19:22:10 2026
| Host         : dan-alencar running 64-bit Linux Mint 22.2
| Command      : report_methodology -file hdmi_phy_wrapper_methodology_drc_routed.rpt -pb hdmi_phy_wrapper_methodology_drc_routed.pb -rpx hdmi_phy_wrapper_methodology_drc_routed.rpx
| Design       : hdmi_phy_wrapper
| Device       : xcau15p-ffvb676-2-e
| Speed File   : -2
| Design State : Fully Routed
--------------------------------------------------------------------------------------------------------------------------------------------------------------------------------------

Report Methodology

Table of Contents
-----------------
1. REPORT SUMMARY
2. REPORT DETAILS

1. REPORT SUMMARY
-----------------
            Netlist: netlist
          Floorplan: design_1
      Design limits: <entire design considered>
             Max checks: <unlimited>
             Checks found: 16
+-----------+------------------+--------------------------------------------+--------+
| Rule      | Severity         | Description                                | Checks |
+-----------+------------------+--------------------------------------------+--------+
| TIMING-7  | Critical Warning | No common node between related clocks      | 1      |
| LUTAR-1   | Warning          | LUT drives async reset alert               | 10     |
| TIMING-18 | Warning          | Missing input or output delay              | 2      |
| CLKC-11   | Advisory         | MMCME4 divide could be done by BUFG_GT     | 1      |
| CLKC-40   | Advisory         | Substitute PLLE4 for MMCME4 check          | 1      |
| CLKC-56   | Advisory         | MMCME4 with global clock driver has no LOC | 1      |
+-----------+------------------+--------------------------------------------+--------+

2. REPORT DETAILS
-----------------
TIMING-7#1 Critical Warning
No common node between related clocks  
The clocks clkout2 and GTHE4_CHANNEL_TXOUTCLK[0] are related (timed together) but they have no common node. The design could fail in hardware. To find a timing path between these clocks, run the following command: report_timing -from [get_clocks clkout2] -to [get_clocks GTHE4_CHANNEL_TXOUTCLK[0]]
Related violations: <none>

LUTAR-1#1 Warning
LUT drives async reset alert  
LUT cell phy_inst/inst/gt_common_inst/common_inst/gt_wrapper_inst_i_1, with 2 or more inputs, drives asynchronous preset/clear pin(s) phy_inst/inst/gt_wrapper_inst/inst/gen_gtwizard_gthe4_top.vid_phy_controller_0_gtwrapper_gtwizard_gthe4_inst/gen_gtwizard_gthe4.gen_reset_controller_internal.gen_single_instance.gtwiz_reset_inst/reset_synchronizer_txprogdivreset_inst/rst_in_meta_reg/PRE,
phy_inst/inst/gt_wrapper_inst/inst/gen_gtwizard_gthe4_top.vid_phy_controller_0_gtwrapper_gtwizard_gthe4_inst/gen_gtwizard_gthe4.gen_reset_controller_internal.gen_single_instance.gtwiz_reset_inst/reset_synchronizer_txprogdivreset_inst/rst_in_out_reg/PRE,
phy_inst/inst/gt_wrapper_inst/inst/gen_gtwizard_gthe4_top.vid_phy_controller_0_gtwrapper_gtwizard_gthe4_inst/gen_gtwizard_gthe4.gen_reset_controller_internal.gen_single_instance.gtwiz_reset_inst/reset_synchronizer_txprogdivreset_inst/rst_in_sync1_reg/PRE,
phy_inst/inst/gt_wrapper_inst/inst/gen_gtwizard_gthe4_top.vid_phy_controller_0_gtwrapper_gtwizard_gthe4_inst/gen_gtwizard_gthe4.gen_reset_controller_internal.gen_single_instance.gtwiz_reset_inst/reset_synchronizer_txprogdivreset_inst/rst_in_sync2_reg/PRE
phy_inst/inst/gt_wrapper_inst/inst/gen_gtwizard_gthe4_top.vid_phy_controller_0_gtwrapper_gtwizard_gthe4_inst/gen_gtwizard_gthe4.gen_reset_controller_internal.gen_single_instance.gtwiz_reset_inst/reset_synchronizer_txprogdivreset_inst/rst_in_sync3_reg/PRE. The LUT may glitch and trigger an unexpected reset, even if it is a properly timed path.
Related violations: <none>

LUTAR-1#2 Warning
LUT drives async reset alert  
LUT cell phy_inst/inst/gt_wrapper_inst/inst/gen_gtwizard_gthe4_top.vid_phy_controller_0_gtwrapper_gtwizard_gthe4_inst/gen_gtwizard_gthe4.gen_reset_controller_internal.gen_single_instance.gtwiz_reset_inst/reset_synchronizer_gtwiz_reset_rx_any_inst/rst_in_meta_i_1__5, with 2 or more inputs, drives asynchronous preset/clear pin(s) phy_inst/inst/gt_wrapper_inst/inst/gen_gtwizard_gthe4_top.vid_phy_controller_0_gtwrapper_gtwizard_gthe4_inst/gen_gtwizard_gthe4.gen_reset_controller_internal.gen_single_instance.gtwiz_reset_inst/reset_synchronizer_gtwiz_reset_rx_any_inst/rst_in_meta_reg/PRE,
phy_inst/inst/gt_wrapper_inst/inst/gen_gtwizard_gthe4_top.vid_phy_controller_0_gtwrapper_gtwizard_gthe4_inst/gen_gtwizard_gthe4.gen_reset_controller_internal.gen_single_instance.gtwiz_reset_inst/reset_synchronizer_gtwiz_reset_rx_any_inst/rst_in_out_reg/PRE,
phy_inst/inst/gt_wrapper_inst/inst/gen_gtwizard_gthe4_top.vid_phy_controller_0_gtwrapper_gtwizard_gthe4_inst/gen_gtwizard_gthe4.gen_reset_controller_internal.gen_single_instance.gtwiz_reset_inst/reset_synchronizer_gtwiz_reset_rx_any_inst/rst_in_sync1_reg/PRE,
phy_inst/inst/gt_wrapper_inst/inst/gen_gtwizard_gthe4_top.vid_phy_controller_0_gtwrapper_gtwizard_gthe4_inst/gen_gtwizard_gthe4.gen_reset_controller_internal.gen_single_instance.gtwiz_reset_inst/reset_synchronizer_gtwiz_reset_rx_any_inst/rst_in_sync2_reg/PRE
phy_inst/inst/gt_wrapper_inst/inst/gen_gtwizard_gthe4_top.vid_phy_controller_0_gtwrapper_gtwizard_gthe4_inst/gen_gtwizard_gthe4.gen_reset_controller_internal.gen_single_instance.gtwiz_reset_inst/reset_synchronizer_gtwiz_reset_rx_any_inst/rst_in_sync3_reg/PRE. The LUT may glitch and trigger an unexpected reset, even if it is a properly timed path.
Related violations: <none>

LUTAR-1#3 Warning
LUT drives async reset alert  
LUT cell phy_inst/inst/gt_wrapper_inst/inst/gen_gtwizard_gthe4_top.vid_phy_controller_0_gtwrapper_gtwizard_gthe4_inst/gen_gtwizard_gthe4.gen_reset_controller_internal.gen_single_instance.gtwiz_reset_inst/reset_synchronizer_gtwiz_reset_tx_any_inst/rst_in_out_i_1, with 2 or more inputs, drives asynchronous preset/clear pin(s) phy_inst/inst/gt_wrapper_inst/inst/gen_gtwizard_gthe4_top.vid_phy_controller_0_gtwrapper_gtwizard_gthe4_inst/gen_gtwizard_gthe4.gen_reset_controller_internal.gen_single_instance.gtwiz_reset_inst/reset_synchronizer_gtwiz_reset_tx_any_inst/rst_in_meta_reg/PRE,
phy_inst/inst/gt_wrapper_inst/inst/gen_gtwizard_gthe4_top.vid_phy_controller_0_gtwrapper_gtwizard_gthe4_inst/gen_gtwizard_gthe4.gen_reset_controller_internal.gen_single_instance.gtwiz_reset_inst/reset_synchronizer_gtwiz_reset_tx_any_inst/rst_in_out_reg/PRE,
phy_inst/inst/gt_wrapper_inst/inst/gen_gtwizard_gthe4_top.vid_phy_controller_0_gtwrapper_gtwizard_gthe4_inst/gen_gtwizard_gthe4.gen_reset_controller_internal.gen_single_instance.gtwiz_reset_inst/reset_synchronizer_gtwiz_reset_tx_any_inst/rst_in_sync1_reg/PRE,
phy_inst/inst/gt_wrapper_inst/inst/gen_gtwizard_gthe4_top.vid_phy_controller_0_gtwrapper_gtwizard_gthe4_inst/gen_gtwizard_gthe4.gen_reset_controller_internal.gen_single_instance.gtwiz_reset_inst/reset_synchronizer_gtwiz_reset_tx_any_inst/rst_in_sync2_reg/PRE
phy_inst/inst/gt_wrapper_inst/inst/gen_gtwizard_gthe4_top.vid_phy_controller_0_gtwrapper_gtwizard_gthe4_inst/gen_gtwizard_gthe4.gen_reset_controller_internal.gen_single_instance.gtwiz_reset_inst/reset_synchronizer_gtwiz_reset_tx_any_inst/rst_in_sync3_reg/PRE. The LUT may glitch and trigger an unexpected reset, even if it is a properly timed path.
Related violations: <none>

LUTAR-1#4 Warning
LUT drives async reset alert  
LUT cell phy_inst/inst/gt_wrapper_inst/inst/gen_gtwizard_gthe4_top.vid_phy_controller_0_gtwrapper_gtwizard_gthe4_inst/gen_gtwizard_gthe4.gen_reset_controller_internal.gen_single_instance.gtwiz_reset_inst/rst_in_meta_i_1, with 2 or more inputs, drives asynchronous preset/clear pin(s) phy_inst/inst/gt_wrapper_inst/inst/gen_gtwizard_gthe4_top.vid_phy_controller_0_gtwrapper_gtwizard_gthe4_inst/gen_gtwizard_gthe4.gen_cpll_cal_gthe4.gen_cpll_cal_inst[0].gen_inst_cpll_cal.gtwizard_ultrascale_v1_7_22_gthe4_cpll_cal_inst/reset_synchronizer_resetin_rx_inst/rst_in_meta_reg/PRE,
phy_inst/inst/gt_wrapper_inst/inst/gen_gtwizard_gthe4_top.vid_phy_controller_0_gtwrapper_gtwizard_gthe4_inst/gen_gtwizard_gthe4.gen_cpll_cal_gthe4.gen_cpll_cal_inst[0].gen_inst_cpll_cal.gtwizard_ultrascale_v1_7_22_gthe4_cpll_cal_inst/reset_synchronizer_resetin_rx_inst/rst_in_out_reg/PRE,
phy_inst/inst/gt_wrapper_inst/inst/gen_gtwizard_gthe4_top.vid_phy_controller_0_gtwrapper_gtwizard_gthe4_inst/gen_gtwizard_gthe4.gen_cpll_cal_gthe4.gen_cpll_cal_inst[0].gen_inst_cpll_cal.gtwizard_ultrascale_v1_7_22_gthe4_cpll_cal_inst/reset_synchronizer_resetin_rx_inst/rst_in_sync1_reg/PRE,
phy_inst/inst/gt_wrapper_inst/inst/gen_gtwizard_gthe4_top.vid_phy_controller_0_gtwrapper_gtwizard_gthe4_inst/gen_gtwizard_gthe4.gen_cpll_cal_gthe4.gen_cpll_cal_inst[0].gen_inst_cpll_cal.gtwizard_ultrascale_v1_7_22_gthe4_cpll_cal_inst/reset_synchronizer_resetin_rx_inst/rst_in_sync2_reg/PRE
phy_inst/inst/gt_wrapper_inst/inst/gen_gtwizard_gthe4_top.vid_phy_controller_0_gtwrapper_gtwizard_gthe4_inst/gen_gtwizard_gthe4.gen_cpll_cal_gthe4.gen_cpll_cal_inst[0].gen_inst_cpll_cal.gtwizard_ultrascale_v1_7_22_gthe4_cpll_cal_inst/reset_synchronizer_resetin_rx_inst/rst_in_sync3_reg/PRE. The LUT may glitch and trigger an unexpected reset, even if it is a properly timed path.
Related violations: <none>

LUTAR-1#5 Warning
LUT drives async reset alert  
LUT cell phy_inst/inst/gt_wrapper_inst/inst/gen_gtwizard_gthe4_top.vid_phy_controller_0_gtwrapper_gtwizard_gthe4_inst/gen_gtwizard_gthe4.gen_reset_controller_internal.gen_single_instance.gtwiz_reset_inst/rst_in_meta_i_1__0, with 2 or more inputs, drives asynchronous preset/clear pin(s) phy_inst/inst/gt_wrapper_inst/inst/gen_gtwizard_gthe4_top.vid_phy_controller_0_gtwrapper_gtwizard_gthe4_inst/gen_gtwizard_gthe4.gen_cpll_cal_gthe4.gen_cpll_cal_inst[0].gen_inst_cpll_cal.gtwizard_ultrascale_v1_7_22_gthe4_cpll_cal_inst/reset_synchronizer_resetin_tx_inst/rst_in_meta_reg/PRE,
phy_inst/inst/gt_wrapper_inst/inst/gen_gtwizard_gthe4_top.vid_phy_controller_0_gtwrapper_gtwizard_gthe4_inst/gen_gtwizard_gthe4.gen_cpll_cal_gthe4.gen_cpll_cal_inst[0].gen_inst_cpll_cal.gtwizard_ultrascale_v1_7_22_gthe4_cpll_cal_inst/reset_synchronizer_resetin_tx_inst/rst_in_out_reg/PRE,
phy_inst/inst/gt_wrapper_inst/inst/gen_gtwizard_gthe4_top.vid_phy_controller_0_gtwrapper_gtwizard_gthe4_inst/gen_gtwizard_gthe4.gen_cpll_cal_gthe4.gen_cpll_cal_inst[0].gen_inst_cpll_cal.gtwizard_ultrascale_v1_7_22_gthe4_cpll_cal_inst/reset_synchronizer_resetin_tx_inst/rst_in_sync1_reg/PRE,
phy_inst/inst/gt_wrapper_inst/inst/gen_gtwizard_gthe4_top.vid_phy_controller_0_gtwrapper_gtwizard_gthe4_inst/gen_gtwizard_gthe4.gen_cpll_cal_gthe4.gen_cpll_cal_inst[0].gen_inst_cpll_cal.gtwizard_ultrascale_v1_7_22_gthe4_cpll_cal_inst/reset_synchronizer_resetin_tx_inst/rst_in_sync2_reg/PRE
phy_inst/inst/gt_wrapper_inst/inst/gen_gtwizard_gthe4_top.vid_phy_controller_0_gtwrapper_gtwizard_gthe4_inst/gen_gtwizard_gthe4.gen_cpll_cal_gthe4.gen_cpll_cal_inst[0].gen_inst_cpll_cal.gtwizard_ultrascale_v1_7_22_gthe4_cpll_cal_inst/reset_synchronizer_resetin_tx_inst/rst_in_sync3_reg/PRE. The LUT may glitch and trigger an unexpected reset, even if it is a properly timed path.
Related violations: <none>

LUTAR-1#6 Warning
LUT drives async reset alert  
LUT cell phy_inst/inst/gt_wrapper_inst/inst/gen_gtwizard_gthe4_top.vid_phy_controller_0_gtwrapper_gtwizard_gthe4_inst/gen_gtwizard_gthe4.gen_reset_controller_internal.gen_single_instance.gtwiz_reset_inst/rst_in_meta_i_1__1, with 2 or more inputs, drives asynchronous preset/clear pin(s) phy_inst/inst/gt_wrapper_inst/inst/gen_gtwizard_gthe4_top.vid_phy_controller_0_gtwrapper_gtwizard_gthe4_inst/gen_gtwizard_gthe4.gen_cpll_cal_gthe4.gen_cpll_cal_inst[1].gen_inst_cpll_cal.gtwizard_ultrascale_v1_7_22_gthe4_cpll_cal_inst/reset_synchronizer_resetin_rx_inst/rst_in_meta_reg/PRE,
phy_inst/inst/gt_wrapper_inst/inst/gen_gtwizard_gthe4_top.vid_phy_controller_0_gtwrapper_gtwizard_gthe4_inst/gen_gtwizard_gthe4.gen_cpll_cal_gthe4.gen_cpll_cal_inst[1].gen_inst_cpll_cal.gtwizard_ultrascale_v1_7_22_gthe4_cpll_cal_inst/reset_synchronizer_resetin_rx_inst/rst_in_out_reg/PRE,
phy_inst/inst/gt_wrapper_inst/inst/gen_gtwizard_gthe4_top.vid_phy_controller_0_gtwrapper_gtwizard_gthe4_inst/gen_gtwizard_gthe4.gen_cpll_cal_gthe4.gen_cpll_cal_inst[1].gen_inst_cpll_cal.gtwizard_ultrascale_v1_7_22_gthe4_cpll_cal_inst/reset_synchronizer_resetin_rx_inst/rst_in_sync1_reg/PRE,
phy_inst/inst/gt_wrapper_inst/inst/gen_gtwizard_gthe4_top.vid_phy_controller_0_gtwrapper_gtwizard_gthe4_inst/gen_gtwizard_gthe4.gen_cpll_cal_gthe4.gen_cpll_cal_inst[1].gen_inst_cpll_cal.gtwizard_ultrascale_v1_7_22_gthe4_cpll_cal_inst/reset_synchronizer_resetin_rx_inst/rst_in_sync2_reg/PRE
phy_inst/inst/gt_wrapper_inst/inst/gen_gtwizard_gthe4_top.vid_phy_controller_0_gtwrapper_gtwizard_gthe4_inst/gen_gtwizard_gthe4.gen_cpll_cal_gthe4.gen_cpll_cal_inst[1].gen_inst_cpll_cal.gtwizard_ultrascale_v1_7_22_gthe4_cpll_cal_inst/reset_synchronizer_resetin_rx_inst/rst_in_sync3_reg/PRE. The LUT may glitch and trigger an unexpected reset, even if it is a properly timed path.
Related violations: <none>

LUTAR-1#7 Warning
LUT drives async reset alert  
LUT cell phy_inst/inst/gt_wrapper_inst/inst/gen_gtwizard_gthe4_top.vid_phy_controller_0_gtwrapper_gtwizard_gthe4_inst/gen_gtwizard_gthe4.gen_reset_controller_internal.gen_single_instance.gtwiz_reset_inst/rst_in_meta_i_1__2, with 2 or more inputs, drives asynchronous preset/clear pin(s) phy_inst/inst/gt_wrapper_inst/inst/gen_gtwizard_gthe4_top.vid_phy_controller_0_gtwrapper_gtwizard_gthe4_inst/gen_gtwizard_gthe4.gen_cpll_cal_gthe4.gen_cpll_cal_inst[1].gen_inst_cpll_cal.gtwizard_ultrascale_v1_7_22_gthe4_cpll_cal_inst/reset_synchronizer_resetin_tx_inst/rst_in_meta_reg/PRE,
phy_inst/inst/gt_wrapper_inst/inst/gen_gtwizard_gthe4_top.vid_phy_controller_0_gtwrapper_gtwizard_gthe4_inst/gen_gtwizard_gthe4.gen_cpll_cal_gthe4.gen_cpll_cal_inst[1].gen_inst_cpll_cal.gtwizard_ultrascale_v1_7_22_gthe4_cpll_cal_inst/reset_synchronizer_resetin_tx_inst/rst_in_out_reg/PRE,
phy_inst/inst/gt_wrapper_inst/inst/gen_gtwizard_gthe4_top.vid_phy_controller_0_gtwrapper_gtwizard_gthe4_inst/gen_gtwizard_gthe4.gen_cpll_cal_gthe4.gen_cpll_cal_inst[1].gen_inst_cpll_cal.gtwizard_ultrascale_v1_7_22_gthe4_cpll_cal_inst/reset_synchronizer_resetin_tx_inst/rst_in_sync1_reg/PRE,
phy_inst/inst/gt_wrapper_inst/inst/gen_gtwizard_gthe4_top.vid_phy_controller_0_gtwrapper_gtwizard_gthe4_inst/gen_gtwizard_gthe4.gen_cpll_cal_gthe4.gen_cpll_cal_inst[1].gen_inst_cpll_cal.gtwizard_ultrascale_v1_7_22_gthe4_cpll_cal_inst/reset_synchronizer_resetin_tx_inst/rst_in_sync2_reg/PRE
phy_inst/inst/gt_wrapper_inst/inst/gen_gtwizard_gthe4_top.vid_phy_controller_0_gtwrapper_gtwizard_gthe4_inst/gen_gtwizard_gthe4.gen_cpll_cal_gthe4.gen_cpll_cal_inst[1].gen_inst_cpll_cal.gtwizard_ultrascale_v1_7_22_gthe4_cpll_cal_inst/reset_synchronizer_resetin_tx_inst/rst_in_sync3_reg/PRE. The LUT may glitch and trigger an unexpected reset, even if it is a properly timed path.
Related violations: <none>

LUTAR-1#8 Warning
LUT drives async reset alert  
LUT cell phy_inst/inst/gt_wrapper_inst/inst/gen_gtwizard_gthe4_top.vid_phy_controller_0_gtwrapper_gtwizard_gthe4_inst/gen_gtwizard_gthe4.gen_reset_controller_internal.gen_single_instance.gtwiz_reset_inst/rst_in_meta_i_1__3, with 2 or more inputs, drives asynchronous preset/clear pin(s) phy_inst/inst/gt_wrapper_inst/inst/gen_gtwizard_gthe4_top.vid_phy_controller_0_gtwrapper_gtwizard_gthe4_inst/gen_gtwizard_gthe4.gen_cpll_cal_gthe4.gen_cpll_cal_inst[2].gen_inst_cpll_cal.gtwizard_ultrascale_v1_7_22_gthe4_cpll_cal_inst/reset_synchronizer_resetin_rx_inst/rst_in_meta_reg/PRE,
phy_inst/inst/gt_wrapper_inst/inst/gen_gtwizard_gthe4_top.vid_phy_controller_0_gtwrapper_gtwizard_gthe4_inst/gen_gtwizard_gthe4.gen_cpll_cal_gthe4.gen_cpll_cal_inst[2].gen_inst_cpll_cal.gtwizard_ultrascale_v1_7_22_gthe4_cpll_cal_inst/reset_synchronizer_resetin_rx_inst/rst_in_out_reg/PRE,
phy_inst/inst/gt_wrapper_inst/inst/gen_gtwizard_gthe4_top.vid_phy_controller_0_gtwrapper_gtwizard_gthe4_inst/gen_gtwizard_gthe4.gen_cpll_cal_gthe4.gen_cpll_cal_inst[2].gen_inst_cpll_cal.gtwizard_ultrascale_v1_7_22_gthe4_cpll_cal_inst/reset_synchronizer_resetin_rx_inst/rst_in_sync1_reg/PRE,
phy_inst/inst/gt_wrapper_inst/inst/gen_gtwizard_gthe4_top.vid_phy_controller_0_gtwrapper_gtwizard_gthe4_inst/gen_gtwizard_gthe4.gen_cpll_cal_gthe4.gen_cpll_cal_inst[2].gen_inst_cpll_cal.gtwizard_ultrascale_v1_7_22_gthe4_cpll_cal_inst/reset_synchronizer_resetin_rx_inst/rst_in_sync2_reg/PRE
phy_inst/inst/gt_wrapper_inst/inst/gen_gtwizard_gthe4_top.vid_phy_controller_0_gtwrapper_gtwizard_gthe4_inst/gen_gtwizard_gthe4.gen_cpll_cal_gthe4.gen_cpll_cal_inst[2].gen_inst_cpll_cal.gtwizard_ultrascale_v1_7_22_gthe4_cpll_cal_inst/reset_synchronizer_resetin_rx_inst/rst_in_sync3_reg/PRE. The LUT may glitch and trigger an unexpected reset, even if it is a properly timed path.
Related violations: <none>

LUTAR-1#9 Warning
LUT drives async reset alert  
LUT cell phy_inst/inst/gt_wrapper_inst/inst/gen_gtwizard_gthe4_top.vid_phy_controller_0_gtwrapper_gtwizard_gthe4_inst/gen_gtwizard_gthe4.gen_reset_controller_internal.gen_single_instance.gtwiz_reset_inst/rst_in_meta_i_1__4, with 2 or more inputs, drives asynchronous preset/clear pin(s) phy_inst/inst/gt_wrapper_inst/inst/gen_gtwizard_gthe4_top.vid_phy_controller_0_gtwrapper_gtwizard_gthe4_inst/gen_gtwizard_gthe4.gen_cpll_cal_gthe4.gen_cpll_cal_inst[2].gen_inst_cpll_cal.gtwizard_ultrascale_v1_7_22_gthe4_cpll_cal_inst/reset_synchronizer_resetin_tx_inst/rst_in_meta_reg/PRE,
phy_inst/inst/gt_wrapper_inst/inst/gen_gtwizard_gthe4_top.vid_phy_controller_0_gtwrapper_gtwizard_gthe4_inst/gen_gtwizard_gthe4.gen_cpll_cal_gthe4.gen_cpll_cal_inst[2].gen_inst_cpll_cal.gtwizard_ultrascale_v1_7_22_gthe4_cpll_cal_inst/reset_synchronizer_resetin_tx_inst/rst_in_out_reg/PRE,
phy_inst/inst/gt_wrapper_inst/inst/gen_gtwizard_gthe4_top.vid_phy_controller_0_gtwrapper_gtwizard_gthe4_inst/gen_gtwizard_gthe4.gen_cpll_cal_gthe4.gen_cpll_cal_inst[2].gen_inst_cpll_cal.gtwizard_ultrascale_v1_7_22_gthe4_cpll_cal_inst/reset_synchronizer_resetin_tx_inst/rst_in_sync1_reg/PRE,
phy_inst/inst/gt_wrapper_inst/inst/gen_gtwizard_gthe4_top.vid_phy_controller_0_gtwrapper_gtwizard_gthe4_inst/gen_gtwizard_gthe4.gen_cpll_cal_gthe4.gen_cpll_cal_inst[2].gen_inst_cpll_cal.gtwizard_ultrascale_v1_7_22_gthe4_cpll_cal_inst/reset_synchronizer_resetin_tx_inst/rst_in_sync2_reg/PRE
phy_inst/inst/gt_wrapper_inst/inst/gen_gtwizard_gthe4_top.vid_phy_controller_0_gtwrapper_gtwizard_gthe4_inst/gen_gtwizard_gthe4.gen_cpll_cal_gthe4.gen_cpll_cal_inst[2].gen_inst_cpll_cal.gtwizard_ultrascale_v1_7_22_gthe4_cpll_cal_inst/reset_synchronizer_resetin_tx_inst/rst_in_sync3_reg/PRE. The LUT may glitch and trigger an unexpected reset, even if it is a properly timed path.
Related violations: <none>

LUTAR-1#10 Warning
LUT drives async reset alert  
LUT cell video_pipe/tmds_encoder_rgb/enc_b/y[10]_i_1, with 2 or more inputs, drives asynchronous preset/clear pin(s) packer_r/tmds_out_reg[17]/CLR, packer_r/tmds_out_reg[18]/CLR,
packer_r/tmds_out_reg[19]/CLR, packer_r/tmds_out_reg[26]/CLR,
packer_r/tmds_out_reg[27]/CLR, packer_r/tmds_out_reg[28]/CLR,
packer_r/tmds_out_reg[29]/CLR, packer_r/tmds_out_reg[36]/CLR,
packer_r/tmds_out_reg[37]/CLR, packer_r/tmds_out_reg[38]/CLR,
packer_r/tmds_out_reg[39]/CLR, packer_r/tmds_out_reg[6]/CLR,
packer_r/tmds_out_reg[7]/CLR, packer_r/tmds_out_reg[8]/CLR,
packer_r/tmds_out_reg[9]/CLR (the first 15 of 48 listed). The LUT may glitch and trigger an unexpected reset, even if it is a properly timed path.
Related violations: <none>

TIMING-18#1 Warning
Missing input or output delay  
An output delay is missing on hdmi_tx_clk_n relative to the rising and/or falling clock edge(s) of clk_ref.
Related violations: <none>

TIMING-18#2 Warning
Missing input or output delay  
An output delay is missing on hdmi_tx_clk_p relative to the rising and/or falling clock edge(s) of clk_ref.
Related violations: <none>

CLKC-11#1 Advisory
MMCME4 divide could be done by BUFG_GT  
The MMCME4 cell phy_inst/inst/gt_usrclk_source_inst/tx_mmcm.txoutclk_mmcm0_i/mmcm_adv_inst driven by BUFG_GT cell phy_inst/inst/gt_usrclk_source_inst/bufg_gt_gtrefclk0_odiv2_inst uses CLKOUT* output(s) with a DIVIDE value of [1..8] which could be accomplished using a BUFG_GT divide capability. Consider using BUFG_GT(s) to accomplish the desired divide(s).
Related violations: <none>

CLKC-40#1 Advisory
Substitute PLLE4 for MMCME4 check  
The MMCME4 cell phy_inst/inst/gt_usrclk_source_inst/tx_mmcm.txoutclk_mmcm0_i/mmcm_adv_inst has a single input clock whose source driver, BUFG_GT phy_inst/inst/gt_usrclk_source_inst/bufg_gt_gtrefclk0_odiv2_inst, is not optimally located and the MMCM has a configuration which could be accommodated by a PLL.  Consider changing the MMCM to a PLL which could align better with the input clock driver.
Related violations: <none>

CLKC-56#1 Advisory
MMCME4 with global clock driver has no LOC  
The MMCME4_ADV cell phy_inst/inst/gt_usrclk_source_inst/tx_mmcm.txoutclk_mmcm0_i/mmcm_adv_inst CLKIN1 or CLKIN2 pin is driven by global Clock buffer(s) phy_inst/inst/gt_usrclk_source_inst/bufg_gt_gtrefclk0_odiv2_inst and does not have a LOC constraint. It is recommended to LOC the MMCM and use the CLOCK_DEDICATED_ROUTE constraint on the net(s) driven by the global Clock buffer(s).
Related violations: <none>


